
// ==========================================================================
//  GPPG error listing for yacc source file <SimpleYacc.y>
// ==========================================================================
//  Version:  1.3.6
//  Machine:  LAPTOP-1ISHOG01
//  DateTime: 22.10.2018 17:31:01
//  UserName: kumar
// ==========================================================================


%{
// Ýòè îáúÿâëåíèÿ äîáàâëÿþòñÿ â êëàññ GPPGParser, ïðåäñòàâëÿþùèé ñîáîé ïàðñåð, ãåíåðèðóåìûé ñèñòåìîé gppg
    public Parser(AbstractScanner<int, LexLocation> scanner) : base(scanner) { }
%}

%output = SimpleYacc.cs

%namespace SimpleParser

%token BEGIN END CYCLE INUM RNUM ID ASSIGN SEMICOLON WHILE DO REPEAT UNTIL FOR TO WRITE LEFT_BRACKET RIGHT_BRACKET IF THEN ELSE VAR PLUS MINUS DIVISION MULT COMMA

%%
// Error: NonTerminal symbol "idss" has no productions
// Warning: Terminating idss fixes the following size-1 NonTerminal set
   // {idss}
// Error: There are 1 non-terminating NonTerminal Symbols
   //  {idss}
// --------------------------------------------------------------------

progr   : block
		;

stlist	: statement 
		| stlist SEMICOLON statement 
		;

statement: assign
		| block  
		| cycle  
		| while
		| repeat
		| for
		| write
		| if
		| var
		;

ident 	: ID 
		;
	
assign 	: ident ASSIGN expr 
		;

expr    : T
        | expr PLUS T
        | expr MINUS T
        ;

T       : F
        | T MULT F
        | T DIVISION F
        ;

F       : ident
        | INUM 
        | LEFT_BRACKET expr RIGHT_BRACKET
        ;

block	: BEGIN stlist END 
		;

cycle	: CYCLE expr statement 
		;
	
while   : WHILE expr DO statement
        ;
       
repeat  : REPEAT stlist UNTIL expr
        ;
        
for     : FOR ident ASSIGN expr TO expr DO statement
        ;
        
write   : WRITE LEFT_BRACKET expr RIGHT_BRACKET
        ;

if      : IF expr THEN statement ELSE statement
        | IF expr THEN statement
        ;
          
var     : VAR ident ids
        ;
                      
ids     : 
        | COMMA ident idss
        ;
%%
// ==========================================================================

